<?xml version="1.0" encoding="UTF-8"?>
<testsuite name="com.doongjun.book.springboot.web.dto.HelloResponseDtoTest" tests="1" skipped="0" failures="0" errors="0" timestamp="2022-06-23T13:04:50" hostname="DESKTOP-60LNIPC" time="0.072">
  <properties/>
  <testcase name="lombok_기능_테스트()" classname="com.doongjun.book.springboot.web.dto.HelloResponseDtoTest" time="0.072"/>
  <system-out><![CDATA[]]></system-out>
  <system-err><![CDATA[]]></system-err>
</testsuite>
